<?xml version="1.0" encoding="UTF-8"?>
<!-- Generated by org.testng.reporters.JUnitXMLReporter -->
<testsuite ignored="1" hostname="Vladimirs-Mac-mini.local" failures="0" tests="4" name="Default test" time="0.09" errors="0" timestamp="2022-10-01T13:59:28 PDT">
  <testcase classname="test.day3" name="mobilesignoutcarLoan" time="0.015"/>
  <testcase classname="test.day3" name="webLoginCarLoan" time="0.001"/>
  <testcase classname="test.day3" name="mobileLogincarLoan" time="0.001"/>
  <testcase classname="test.day3" name="APIcarLoan" time="0.001"/>
  <testcase classname="test.day3" name="mobilesignincarLoan" time="0.0">
    <ignored/>
  </testcase> <!-- mobilesignincarLoan -->
</testsuite> <!-- Default test -->
