<?xml version="1.0" encoding="UTF-8"?>
<!-- Generated by org.testng.reporters.JUnitXMLReporter -->
<testsuite ignored="2" hostname="Vladimirs-Mac-mini.local" failures="0" tests="5" name="Car Loan" time="0.189" errors="0" timestamp="2022-10-05T00:15:26 PDT">
  <testcase classname="test.day3" name="mobileLogincarLoan" time="0.008"/>
  <testcase classname="test.day3" name="mobilesignoutcarLoan" time="0.002"/>
  <testcase classname="test.day3" name="mobilesignoutcarLoan" time="0.001"/>
  <testcase classname="test.day3" name="mobilesignoutcarLoan" time="0.003"/>
  <testcase classname="test.day3" name="webLoginCarLoan" time="0.004"/>
  <testcase classname="test.day3" name="APIcarLoan" time="0.0">
    <ignored/>
  </testcase> <!-- APIcarLoan -->
  <testcase classname="test.day3" name="mobilesignincarLoan" time="0.0">
    <ignored/>
  </testcase> <!-- mobilesignincarLoan -->
</testsuite> <!-- Car Loan -->
