<?xml version="1.0" encoding="UTF-8"?>
<!-- Generated by org.testng.reporters.JUnitXMLReporter -->
<testsuite ignored="0" hostname="Vladimirs-Mini.hitronhub.home" failures="0" tests="3" name="home loan" time="0.021" errors="0" timestamp="2022-09-21T21:49:54 PDT">
  <testcase classname="test.day4" name="loginAPIHomeLoan" time="0.002"/>
  <testcase classname="test.day4" name="mobileLoginHomeLoan" time="0.003"/>
  <testcase classname="test.day4" name="webLoginHomeLoan" time="0.004"/>
</testsuite> <!-- home loan -->
