<?xml version="1.0" encoding="UTF-8"?>
<!-- Generated by org.testng.reporters.JUnitXMLReporter -->
<testsuite ignored="1" hostname="Vladimirs-Mac-mini.local" failures="0" tests="5" name="Personal Loan" time="0.161" errors="0" timestamp="2022-10-05T00:15:26 PDT">
  <testcase classname="test.day1" name="demo" time="0.01"/>
  <testcase classname="test.day2" name="ploan" time="0.007"/>
  <testcase classname="test.day4" name="loginAPIHomeLoan" time="0.004"/>
  <testcase classname="test.day4" name="mobileLoginHomeLoan" time="0.005"/>
  <testcase classname="test.day4" name="webLoginHomeLoan" time="0.005"/>
  <testcase classname="test.day1" name="secondTest" time="0.0">
    <ignored/>
  </testcase> <!-- secondTest -->
</testsuite> <!-- Personal Loan -->
