<?xml version="1.0" encoding="UTF-8"?>
<testng-results ignored="3" total="13" passed="10" failed="0" skipped="0">
  <reporter-output>
  </reporter-output>
  <suite started-at="2022-10-05T00:15:26 PDT" name="Loan Department" finished-at="2022-10-05T00:15:26 PDT" duration-ms="189">
    <groups>
      <group name="Smoke">
        <method signature="day2.ploan()[pri:0, instance:test.day2@1cbb87f3]" name="ploan" class="test.day2"/>
        <method signature="day4.mobileLoginHomeLoan()[pri:0, instance:test.day4@1a4013]" name="mobileLoginHomeLoan" class="test.day4"/>
        <method signature="day3.mobileLogincarLoan()[pri:0, instance:test.day3@611889f4]" name="mobileLogincarLoan" class="test.day3"/>
      </group> <!-- Smoke -->
    </groups>
    <test started-at="2022-10-05T00:15:26 PDT" name="Personal Loan" finished-at="2022-10-05T00:15:26 PDT" duration-ms="161">
      <class name="test.day4">
        <test-method signature="loginAPIHomeLoan()[pri:0, instance:test.day4@1a4013]" started-at="2022-10-05T00:15:26 PDT" name="loginAPIHomeLoan" finished-at="2022-10-05T00:15:26 PDT" duration-ms="4" status="PASS">
          <reporter-output>
          </reporter-output>
        </test-method> <!-- loginAPIHomeLoan -->
        <test-method signature="mobileLoginHomeLoan()[pri:0, instance:test.day4@1a4013]" started-at="2022-10-05T00:15:26 PDT" name="mobileLoginHomeLoan" finished-at="2022-10-05T00:15:26 PDT" duration-ms="5" status="PASS">
          <reporter-output>
          </reporter-output>
        </test-method> <!-- mobileLoginHomeLoan -->
        <test-method signature="webLoginHomeLoan(java.lang.String)[pri:0, instance:test.day4@1a4013]" started-at="2022-10-05T00:15:26 PDT" name="webLoginHomeLoan" finished-at="2022-10-05T00:15:26 PDT" duration-ms="5" status="PASS">
          <params>
            <param index="0">
              <value>
                <![CDATA[personalLoan.com]]>
              </value>
            </param>
          </params>
          <reporter-output>
          </reporter-output>
        </test-method> <!-- webLoginHomeLoan -->
      </class> <!-- test.day4 -->
      <class name="test.day2">
        <test-method is-config="true" signature="prereq()[pri:0, instance:test.day2@1cbb87f3]" started-at="2022-10-05T00:15:26 PDT" name="prereq" finished-at="2022-10-05T00:15:26 PDT" duration-ms="1" status="PASS">
          <reporter-output>
          </reporter-output>
        </test-method> <!-- prereq -->
        <test-method signature="ploan()[pri:0, instance:test.day2@1cbb87f3]" started-at="2022-10-05T00:15:26 PDT" name="ploan" finished-at="2022-10-05T00:15:26 PDT" duration-ms="7" status="PASS">
          <reporter-output>
          </reporter-output>
        </test-method> <!-- ploan -->
      </class> <!-- test.day2 -->
      <class name="test.day1">
        <test-method signature="demo()[pri:0, instance:test.day1@1613674b]" started-at="2022-10-05T00:15:26 PDT" name="demo" finished-at="2022-10-05T00:15:26 PDT" duration-ms="10" status="PASS">
          <reporter-output>
          </reporter-output>
        </test-method> <!-- demo -->
        <test-method is-config="true" signature="lastexecution()[pri:0, instance:test.day1@1613674b]" started-at="2022-10-05T00:15:26 PDT" name="lastexecution" finished-at="2022-10-05T00:15:26 PDT" duration-ms="7" status="PASS">
          <reporter-output>
          </reporter-output>
        </test-method> <!-- lastexecution -->
      </class> <!-- test.day1 -->
    </test> <!-- Personal Loan -->
    <test started-at="2022-10-05T00:15:26 PDT" name="Car Loan" finished-at="2022-10-05T00:15:26 PDT" duration-ms="189">
      <class name="test.day3">
        <test-method is-config="true" signature="Bfsuite()[pri:0, instance:test.day3@611889f4]" started-at="2022-10-05T00:15:26 PDT" name="Bfsuite" finished-at="2022-10-05T00:15:26 PDT" duration-ms="7" status="PASS">
          <reporter-output>
          </reporter-output>
        </test-method> <!-- Bfsuite -->
        <test-method is-config="true" signature="beforeclass()[pri:0, instance:test.day3@611889f4]" started-at="2022-10-05T00:15:26 PDT" name="beforeclass" finished-at="2022-10-05T00:15:26 PDT" duration-ms="1" status="PASS">
          <reporter-output>
          </reporter-output>
        </test-method> <!-- beforeclass -->
        <test-method is-config="true" signature="beforeevery()[pri:0, instance:test.day3@611889f4]" started-at="2022-10-05T00:15:26 PDT" name="beforeevery" finished-at="2022-10-05T00:15:26 PDT" duration-ms="2" status="PASS">
          <reporter-output>
          </reporter-output>
        </test-method> <!-- beforeevery -->
        <test-method signature="mobileLogincarLoan()[pri:0, instance:test.day3@611889f4]" started-at="2022-10-05T00:15:26 PDT" name="mobileLogincarLoan" finished-at="2022-10-05T00:15:26 PDT" duration-ms="8" status="PASS">
          <reporter-output>
          </reporter-output>
        </test-method> <!-- mobileLogincarLoan -->
        <test-method is-config="true" signature="afterevery()[pri:0, instance:test.day3@611889f4]" started-at="2022-10-05T00:15:26 PDT" name="afterevery" finished-at="2022-10-05T00:15:26 PDT" duration-ms="1" status="PASS">
          <reporter-output>
          </reporter-output>
        </test-method> <!-- afterevery -->
        <test-method is-config="true" signature="beforeevery()[pri:0, instance:test.day3@611889f4]" started-at="2022-10-05T00:15:26 PDT" name="beforeevery" finished-at="2022-10-05T00:15:26 PDT" duration-ms="1" status="PASS">
          <reporter-output>
          </reporter-output>
        </test-method> <!-- beforeevery -->
        <test-method signature="mobilesignoutcarLoan(java.lang.String,java.lang.String)[pri:0, instance:test.day3@611889f4]" started-at="2022-10-05T00:15:26 PDT" name="mobilesignoutcarLoan" data-provider="getData" finished-at="2022-10-05T00:15:26 PDT" duration-ms="2" status="PASS">
          <params>
            <param index="0">
              <value>
                <![CDATA[firstsetuusername]]>
              </value>
            </param>
            <param index="1">
              <value>
                <![CDATA[firstpassword]]>
              </value>
            </param>
          </params>
          <reporter-output>
          </reporter-output>
        </test-method> <!-- mobilesignoutcarLoan -->
        <test-method is-config="true" signature="afterevery()[pri:0, instance:test.day3@611889f4]" started-at="2022-10-05T00:15:26 PDT" name="afterevery" finished-at="2022-10-05T00:15:26 PDT" duration-ms="2" status="PASS">
          <reporter-output>
          </reporter-output>
        </test-method> <!-- afterevery -->
        <test-method is-config="true" signature="beforeevery()[pri:0, instance:test.day3@611889f4]" started-at="2022-10-05T00:15:26 PDT" name="beforeevery" finished-at="2022-10-05T00:15:26 PDT" duration-ms="0" status="PASS">
          <reporter-output>
          </reporter-output>
        </test-method> <!-- beforeevery -->
        <test-method signature="mobilesignoutcarLoan(java.lang.String,java.lang.String)[pri:0, instance:test.day3@611889f4]" started-at="2022-10-05T00:15:26 PDT" name="mobilesignoutcarLoan" data-provider="getData" finished-at="2022-10-05T00:15:26 PDT" duration-ms="1" status="PASS">
          <params>
            <param index="0">
              <value>
                <![CDATA[secondsetusername]]>
              </value>
            </param>
            <param index="1">
              <value>
                <![CDATA[secondpassword]]>
              </value>
            </param>
          </params>
          <reporter-output>
          </reporter-output>
        </test-method> <!-- mobilesignoutcarLoan -->
        <test-method is-config="true" signature="afterevery()[pri:0, instance:test.day3@611889f4]" started-at="2022-10-05T00:15:26 PDT" name="afterevery" finished-at="2022-10-05T00:15:26 PDT" duration-ms="1" status="PASS">
          <reporter-output>
          </reporter-output>
        </test-method> <!-- afterevery -->
        <test-method is-config="true" signature="beforeevery()[pri:0, instance:test.day3@611889f4]" started-at="2022-10-05T00:15:26 PDT" name="beforeevery" finished-at="2022-10-05T00:15:26 PDT" duration-ms="1" status="PASS">
          <reporter-output>
          </reporter-output>
        </test-method> <!-- beforeevery -->
        <test-method signature="mobilesignoutcarLoan(java.lang.String,java.lang.String)[pri:0, instance:test.day3@611889f4]" started-at="2022-10-05T00:15:26 PDT" name="mobilesignoutcarLoan" data-provider="getData" finished-at="2022-10-05T00:15:26 PDT" duration-ms="3" status="PASS">
          <params>
            <param index="0">
              <value>
                <![CDATA[thirdusername]]>
              </value>
            </param>
            <param index="1">
              <value>
                <![CDATA[thirdpassword]]>
              </value>
            </param>
          </params>
          <reporter-output>
          </reporter-output>
        </test-method> <!-- mobilesignoutcarLoan -->
        <test-method is-config="true" signature="afterevery()[pri:0, instance:test.day3@611889f4]" started-at="2022-10-05T00:15:26 PDT" name="afterevery" finished-at="2022-10-05T00:15:26 PDT" duration-ms="2" status="PASS">
          <reporter-output>
          </reporter-output>
        </test-method> <!-- afterevery -->
        <test-method is-config="true" signature="beforeevery()[pri:0, instance:test.day3@611889f4]" started-at="2022-10-05T00:15:26 PDT" name="beforeevery" finished-at="2022-10-05T00:15:26 PDT" duration-ms="1" status="PASS">
          <reporter-output>
          </reporter-output>
        </test-method> <!-- beforeevery -->
        <test-method signature="webLoginCarLoan(java.lang.String,java.lang.String)[pri:0, instance:test.day3@611889f4]" started-at="2022-10-05T00:15:26 PDT" name="webLoginCarLoan" finished-at="2022-10-05T00:15:26 PDT" duration-ms="4" status="PASS">
          <params>
            <param index="0">
              <value>
                <![CDATA[carLoan.com]]>
              </value>
            </param>
            <param index="1">
              <value>
                <![CDATA[1234]]>
              </value>
            </param>
          </params>
          <reporter-output>
          </reporter-output>
        </test-method> <!-- webLoginCarLoan -->
        <test-method is-config="true" signature="afterevery()[pri:0, instance:test.day3@611889f4]" started-at="2022-10-05T00:15:26 PDT" name="afterevery" finished-at="2022-10-05T00:15:26 PDT" duration-ms="1" status="PASS">
          <reporter-output>
          </reporter-output>
        </test-method> <!-- afterevery -->
        <test-method is-config="true" signature="Afterclass()[pri:0, instance:test.day3@611889f4]" started-at="2022-10-05T00:15:26 PDT" name="Afterclass" finished-at="2022-10-05T00:15:26 PDT" duration-ms="0" status="PASS">
          <reporter-output>
          </reporter-output>
        </test-method> <!-- Afterclass -->
      </class> <!-- test.day3 -->
      <class name="test.day1">
        <test-method is-config="true" signature="afsuite()[pri:0, instance:test.day1@1613674b]" started-at="2022-10-05T00:15:26 PDT" name="afsuite" finished-at="2022-10-05T00:15:26 PDT" duration-ms="2" status="PASS">
          <reporter-output>
          </reporter-output>
        </test-method> <!-- afsuite -->
      </class> <!-- test.day1 -->
    </test> <!-- Car Loan -->
  </suite> <!-- Loan Department -->
</testng-results>
